using reduced mass:      1.000000
frequency to animate:      2
numrotors:      3
STEP NUMBERread:      1
STEP NUMBER:      0
Step Number 0
** using default distances to determine rotating moieties
igroup A value for rot 0 natom 0 is 0  
igroup A value for rot 0 natom 1 is 0  
igroup A value for rot 0 natom 2 is 0  
igroup A value for rot 0 natom 3 is 0  
igroup A value for rot 0 natom 4 is 0  
igroup A value for rot 0 natom 5 is 0  
igroup A value for rot 0 natom 6 is 0  
igroup A value for rot 0 natom 7 is 1  
igroup A value for rot 0 natom 8 is 0  
igroup A value for rot 0 natom 9 is 0  
igroup A value for rot 0 natom 10 is 0  
igroup A value for rot 0 natom 11 is 1  
igroup A value for rot 0 natom 12 is 0  
igroup A value for rot 0 natom 13 is 0  
igroup A value for rot 0 natom 14 is 0  
igroup A value for rot 0 natom 15 is 0  
igroup A value for rot 0 natom 16 is 1  
igroup A value for rot 0 natom 17 is 1  
igroup A value for rot 1 natom 0 is 0  
igroup A value for rot 1 natom 1 is 0  
igroup A value for rot 1 natom 2 is 0  
igroup A value for rot 1 natom 3 is 0  
igroup A value for rot 1 natom 4 is 0  
igroup A value for rot 1 natom 5 is 0  
igroup A value for rot 1 natom 6 is 0  
igroup A value for rot 1 natom 7 is 0  
igroup A value for rot 1 natom 8 is 0  
igroup A value for rot 1 natom 9 is 0  
igroup A value for rot 1 natom 10 is 1  
igroup A value for rot 1 natom 11 is 0  
igroup A value for rot 1 natom 12 is 0  
igroup A value for rot 1 natom 13 is 1  
igroup A value for rot 1 natom 14 is 1  
igroup A value for rot 1 natom 15 is 1  
igroup A value for rot 1 natom 16 is 0  
igroup A value for rot 1 natom 17 is 0  
igroup A value for rot 2 natom 0 is 0  
igroup A value for rot 2 natom 1 is 0  
igroup A value for rot 2 natom 2 is 0  
igroup A value for rot 2 natom 3 is 0  
igroup A value for rot 2 natom 4 is 0  
igroup A value for rot 2 natom 5 is 0  
igroup A value for rot 2 natom 6 is 0  
igroup A value for rot 2 natom 7 is 0  
igroup A value for rot 2 natom 8 is 0  
igroup A value for rot 2 natom 9 is 0  
igroup A value for rot 2 natom 10 is 0  
igroup A value for rot 2 natom 11 is 1  
igroup A value for rot 2 natom 12 is 0  
igroup A value for rot 2 natom 13 is 0  
igroup A value for rot 2 natom 14 is 0  
igroup A value for rot 2 natom 15 is 0  
igroup A value for rot 2 natom 16 is 1  
igroup A value for rot 2 natom 17 is 1  
igroup B value for rot 0 natom 0 is 0  
igroup B value for rot 0 natom 1 is 0  
igroup B value for rot 0 natom 2 is 0  
igroup B value for rot 0 natom 3 is 0  
igroup B value for rot 0 natom 4 is 0  
igroup B value for rot 0 natom 5 is 0  
igroup B value for rot 0 natom 6 is 0  
igroup B value for rot 0 natom 7 is 0  
igroup B value for rot 0 natom 8 is 0  
igroup B value for rot 0 natom 9 is 0  
igroup B value for rot 0 natom 10 is 0  
igroup B value for rot 0 natom 11 is 0  
igroup B value for rot 0 natom 12 is 0  
igroup B value for rot 0 natom 13 is 0  
igroup B value for rot 0 natom 14 is 0  
igroup B value for rot 0 natom 15 is 0  
igroup B value for rot 0 natom 16 is 0  
igroup B value for rot 0 natom 17 is 0  
igroup B value for rot 1 natom 0 is 0  
igroup B value for rot 1 natom 1 is 0  
igroup B value for rot 1 natom 2 is 0  
igroup B value for rot 1 natom 3 is 0  
igroup B value for rot 1 natom 4 is 0  
igroup B value for rot 1 natom 5 is 0  
igroup B value for rot 1 natom 6 is 0  
igroup B value for rot 1 natom 7 is 0  
igroup B value for rot 1 natom 8 is 0  
igroup B value for rot 1 natom 9 is 0  
igroup B value for rot 1 natom 10 is 0  
igroup B value for rot 1 natom 11 is 0  
igroup B value for rot 1 natom 12 is 0  
igroup B value for rot 1 natom 13 is 0  
igroup B value for rot 1 natom 14 is 0  
igroup B value for rot 1 natom 15 is 0  
igroup B value for rot 1 natom 16 is 0  
igroup B value for rot 1 natom 17 is 0  
igroup B value for rot 2 natom 0 is 0  
igroup B value for rot 2 natom 1 is 0  
igroup B value for rot 2 natom 2 is 0  
igroup B value for rot 2 natom 3 is 0  
igroup B value for rot 2 natom 4 is 0  
igroup B value for rot 2 natom 5 is 0  
igroup B value for rot 2 natom 6 is 0  
igroup B value for rot 2 natom 7 is 0  
igroup B value for rot 2 natom 8 is 0  
igroup B value for rot 2 natom 9 is 0  
igroup B value for rot 2 natom 10 is 0  
igroup B value for rot 2 natom 11 is 0  
igroup B value for rot 2 natom 12 is 0  
igroup B value for rot 2 natom 13 is 0  
igroup B value for rot 2 natom 14 is 0  
igroup B value for rot 2 natom 15 is 0  
igroup B value for rot 2 natom 16 is 0  
igroup B value for rot 2 natom 17 is 0  
